<?xml version="1.0" encoding="UTF-8"?>
<!-- Generated by org.testng.reporters.JUnitReportReporter -->
<testsuite hostname="LAPTOP-IFJDGCLM" failures="0" tests="1" name="pracPac.ExtentReportPrac" time="0.910" errors="0" timestamp="2022-12-22T20:23:20 IST" skipped="0">
  <testcase classname="pracPac.ExtentReportPrac" name="extentTest" time="0.910"/>
  <system-out/>
</testsuite> <!-- pracPac.ExtentReportPrac -->
