<?xml version="1.0" encoding="UTF-8"?>
<!-- Generated by org.testng.reporters.JUnitReportReporter -->
<testsuite hostname="LAPTOP-IFJDGCLM" failures="0" tests="1" name="pracPac.PracSel" time="6.004" errors="0" timestamp="2022-12-21T22:31:21 IST" skipped="0">
  <testcase classname="pracPac.PracSel" name="handlingShadowElement1" time="6.004"/>
  <system-out/>
</testsuite> <!-- pracPac.PracSel -->
