<?xml version="1.0" encoding="UTF-8"?>
<!-- Generated by org.testng.reporters.JUnitReportReporter -->
<testsuite hostname="LAPTOP-IFJDGCLM" failures="0" tests="1" name="pracPac.PracParameter" time="19.745" errors="0" timestamp="2022-12-18T14:51:10 IST" skipped="0">
  <testcase classname="pracPac.PracParameter" name="loginToApp" time="19.745"/>
  <system-out/>
</testsuite> <!-- pracPac.PracParameter -->
